<?xml version="1.0" encoding="UTF-8"?>
<!-- Generated by org.testng.reporters.JUnitXMLReporter -->
<testsuite ignored="0" hostname="DESKTOP-VFB79Q5" failures="0" tests="4" name="Default test" time="25.73" errors="0" timestamp="2020-04-05T21:08:43 CEST">
  <testcase classname="DomaciRickAstley.NewTest" name="openYouTube" time="4.062"/>
  <testcase classname="DomaciRickAstley.NewTest" name="searchSong" time="2.107"/>
  <testcase classname="DomaciRickAstley.NewTest" name="playSong" time="2.641"/>
  <testcase classname="DomaciRickAstley.NewTest" name="playNextSong" time="2.151"/>
</testsuite> <!-- Default test -->
